<?xml version="1.0" encoding="UTF-8"?>
<!-- Generated by org.testng.reporters.JUnitXMLReporter -->
<testsuite ignored="0" hostname="MacBook-Pro.local" failures="1" tests="9" name="Default test" time="93.695" errors="0" timestamp="2023-10-22T11:03:42 IST">
  <testcase classname="io.cucumber.testng.AbstractTestNGCucumberTests" name="runScenario" time="7.369"/>
  <testcase classname="io.cucumber.testng.AbstractTestNGCucumberTests" name="runScenario" time="32.918">
    <failure type="java.lang.AssertionError" message="The following asserts failed:
	Product title: Essentials: THE SNEAKER doesnt  contain Sneaker expected [true] but found [false],
	Product title: Men Gamescape sneaker doesnt  contain Sneaker expected [true] but found [false],
	Product title: Men Pro sneaker doesnt  contain Sneaker expected [true] but found [false]">
      <![CDATA[java.lang.AssertionError: The following asserts failed:
Product title: Essentials: THE SNEAKER doesnt  contain Sneaker expected [true] but found [false],
Product title: Men Gamescape sneaker doesnt  contain Sneaker expected [true] but found [false],
Product title: Men Pro sneaker doesnt  contain Sneaker expected [true] but found [false]
at org.testng.asserts.SoftAssert.assertAll(SoftAssert.java:47)
at org.testng.asserts.SoftAssert.assertAll(SoftAssert.java:31)
at com.agastya.stepdefinitions.MyntraSteps.all_results_must_contain_sneakers_word_in_the_product_title(MyntraSteps.java:37)
at âœ½.All results must contain Sneakers word in the product title(file:///Volumes/extra/Testing%20Shastra/Carnation23A/agastya/src/test/resources/Features/MyntraTest.feature:6)
]]>
    </failure>
  </testcase> <!-- runScenario -->
  <testcase classname="io.cucumber.testng.AbstractTestNGCucumberTests" name="runScenario" time="3.761"/>
  <testcase classname="io.cucumber.testng.AbstractTestNGCucumberTests" name="runScenario" time="8.705"/>
  <testcase classname="io.cucumber.testng.AbstractTestNGCucumberTests" name="runScenario" time="3.696"/>
  <testcase classname="io.cucumber.testng.AbstractTestNGCucumberTests" name="runScenario" time="7.994"/>
  <testcase classname="io.cucumber.testng.AbstractTestNGCucumberTests" name="runScenario" time="11.789"/>
  <testcase classname="io.cucumber.testng.AbstractTestNGCucumberTests" name="runScenario" time="13.098"/>
  <testcase classname="io.cucumber.testng.AbstractTestNGCucumberTests" name="runScenario" time="3.786"/>
</testsuite> <!-- Default test -->
