<?xml version="1.0" encoding="UTF-8"?>
<!-- Generated by org.testng.reporters.JUnitReportReporter -->
<testsuite hostname="MacBook-Pro.local" failures="1" tests="9" name="com.agastya.utilities.FeatureRunner" time="93.116" errors="0" timestamp="2023-10-22T11:03:42 IST" skipped="0">
  <testcase classname="com.agastya.utilities.FeatureRunner" name="runScenario" time="11.789"/>
  <system-out/>
  <testcase classname="com.agastya.utilities.FeatureRunner" name="runScenario" time="32.918">
    <failure message="The following asserts failed:
	Product title: Essentials: THE SNEAKER doesnt  contain Sneaker expected [true] but found [false],
	Product title: Men Gamescape sneaker doesnt  contain Sneaker expected [true] but found [false],
	Product title: Men Pro sneaker doesnt  contain Sneaker expected [true] but found [false]" type="java.lang.AssertionError">
      <![CDATA[java.lang.AssertionError: The following asserts failed:
Product title: Essentials: THE SNEAKER doesnt  contain Sneaker expected [true] but found [false],
Product title: Men Gamescape sneaker doesnt  contain Sneaker expected [true] but found [false],
Product title: Men Pro sneaker doesnt  contain Sneaker expected [true] but found [false]
at org.testng.asserts.SoftAssert.assertAll(SoftAssert.java:47)
at org.testng.asserts.SoftAssert.assertAll(SoftAssert.java:31)
at com.agastya.stepdefinitions.MyntraSteps.all_results_must_contain_sneakers_word_in_the_product_title(MyntraSteps.java:37)
at âœ½.All results must contain Sneakers word in the product title(file:///Volumes/extra/Testing%20Shastra/Carnation23A/agastya/src/test/resources/Features/MyntraTest.feature:6)
]]>
    </failure>
  </testcase> <!-- runScenario -->
  <system-out/>
  <testcase classname="com.agastya.utilities.FeatureRunner" name="runScenario" time="7.994"/>
  <system-out/>
  <testcase classname="com.agastya.utilities.FeatureRunner" name="runScenario" time="7.369"/>
  <system-out/>
  <testcase classname="com.agastya.utilities.FeatureRunner" name="runScenario" time="13.098"/>
  <system-out/>
  <testcase classname="com.agastya.utilities.FeatureRunner" name="runScenario" time="3.786"/>
  <system-out/>
  <testcase classname="com.agastya.utilities.FeatureRunner" name="runScenario" time="3.761"/>
  <system-out/>
  <testcase classname="com.agastya.utilities.FeatureRunner" name="runScenario" time="3.696"/>
  <system-out/>
  <testcase classname="com.agastya.utilities.FeatureRunner" name="runScenario" time="8.705"/>
  <system-out/>
</testsuite> <!-- com.agastya.utilities.FeatureRunner -->
